<?xml version="1.0" encoding="UTF-8"?>
<robot generator="Robot 6.0.2 (Python 3.10.12 on linux)" generated="20230910 04:08:24.604" rpa="false" schemaversion="3">
<suite id="s1" name="Login Test" source="/home/ardhi/personal/robotframework-automation-exercise/tests/login_test.robot">
<test id="s1-t1" name="Login Using Valid Username and Password" line="11">
<kw name="Open Main Page Using Chrome Browser" library="resource" type="SETUP">
<kw name="Open Browser" library="SeleniumLibrary">
<arg>${MAIN_PAGE}</arg>
<arg>chrome</arg>
<doc>Opens a new browser instance to the optional ``url``.</doc>
<msg timestamp="20230910 04:08:24.724" level="INFO">Opening browser 'chrome' to base url 'https://opensource-demo.orangehrmlive.com/web/index.php/auth/login'.</msg>
<msg timestamp="20230910 04:08:25.503" level="INFO">Cannot capture screenshot because no browser is open.</msg>
<msg timestamp="20230910 04:08:25.503" level="FAIL">SessionNotCreatedException: Message: session not created: This version of ChromeDriver only supports Chrome version 114
Current browser version is 116.0.5845.110 with binary path /usr/bin/google-chrome
Stacktrace:
#0 0x557fb3e464e3 &lt;unknown&gt;
#1 0x557fb3b75c76 &lt;unknown&gt;
#2 0x557fb3ba304a &lt;unknown&gt;
#3 0x557fb3b9e4a1 &lt;unknown&gt;
#4 0x557fb3b9b029 &lt;unknown&gt;
#5 0x557fb3bd9ccc &lt;unknown&gt;
#6 0x557fb3bd947f &lt;unknown&gt;
#7 0x557fb3bd0de3 &lt;unknown&gt;
#8 0x557fb3ba62dd &lt;unknown&gt;
#9 0x557fb3ba734e &lt;unknown&gt;
#10 0x557fb3e063e4 &lt;unknown&gt;
#11 0x557fb3e0a3d7 &lt;unknown&gt;
#12 0x557fb3e14b20 &lt;unknown&gt;
#13 0x557fb3e0b023 &lt;unknown&gt;
#14 0x557fb3dd91aa &lt;unknown&gt;
#15 0x557fb3e2f6b8 &lt;unknown&gt;
#16 0x557fb3e2f847 &lt;unknown&gt;
#17 0x557fb3e3f243 &lt;unknown&gt;
#18 0x7f4237694b43 &lt;unknown&gt;
</msg>
<status status="FAIL" starttime="20230910 04:08:24.724" endtime="20230910 04:08:25.505"/>
</kw>
<kw name="Reload Page" library="SeleniumLibrary">
<doc>Simulates user reloading page.</doc>
<status status="NOT RUN" starttime="20230910 04:08:25.505" endtime="20230910 04:08:25.505"/>
</kw>
<kw name="Maximize Browser Window" library="SeleniumLibrary">
<doc>Maximizes current browser window.</doc>
<status status="NOT RUN" starttime="20230910 04:08:25.505" endtime="20230910 04:08:25.505"/>
</kw>
<status status="FAIL" starttime="20230910 04:08:24.723" endtime="20230910 04:08:25.505"/>
</kw>
<kw name="Close Browser In The End of Test Cases" library="resource" type="TEARDOWN">
<kw name="Sleep" library="BuiltIn">
<arg>3</arg>
<doc>Pauses the test executed for the given time.</doc>
<msg timestamp="20230910 04:08:28.506" level="INFO">Slept 3 seconds</msg>
<status status="PASS" starttime="20230910 04:08:25.506" endtime="20230910 04:08:28.506"/>
</kw>
<kw name="Close Browser" library="SeleniumLibrary">
<doc>Closes the current browser.</doc>
<status status="PASS" starttime="20230910 04:08:28.506" endtime="20230910 04:08:28.506"/>
</kw>
<status status="PASS" starttime="20230910 04:08:25.505" endtime="20230910 04:08:28.506"/>
</kw>
<status status="FAIL" starttime="20230910 04:08:24.723" endtime="20230910 04:08:28.506">Setup failed:
SessionNotCreatedException: Message: session not created: This version of ChromeDriver only supports Chrome version 114
Current browser version is 116.0.5845.110 with binary path /usr/bin/google-chrome
Stacktrace:
#0 0x557fb3e464e3 &lt;unknown&gt;
#1 0x557fb3b75c76 &lt;unknown&gt;
#2 0x557fb3ba304a &lt;unknown&gt;
#3 0x557fb3b9e4a1 &lt;unknown&gt;
#4 0x557fb3b9b029 &lt;unknown&gt;
#5 0x557fb3bd9ccc &lt;unknown&gt;
#6 0x557fb3bd947f &lt;unknown&gt;
#7 0x557fb3bd0de3 &lt;unknown&gt;
#8 0x557fb3ba62dd &lt;unknown&gt;
#9 0x557fb3ba734e &lt;unknown&gt;
#10 0x557fb3e063e4 &lt;unknown&gt;
#11 0x557fb3e0a3d7 &lt;unknown&gt;
#12 0x557fb3e14b20 &lt;unknown&gt;
#13 0x557fb3e0b023 &lt;unknown&gt;
#14 0x557fb3dd91aa &lt;unknown&gt;
#15 0x557fb3e2f6b8 &lt;unknown&gt;
#16 0x557fb3e2f847 &lt;unknown&gt;
#17 0x557fb3e3f243 &lt;unknown&gt;
#18 0x7f4237694b43 &lt;unknown&gt;
</status>
</test>
<test id="s1-t2" name="Login Without Input Username" line="17">
<kw name="Open Main Page Using Chrome Browser" library="resource" type="SETUP">
<kw name="Open Browser" library="SeleniumLibrary">
<arg>${MAIN_PAGE}</arg>
<arg>chrome</arg>
<doc>Opens a new browser instance to the optional ``url``.</doc>
<msg timestamp="20230910 04:08:28.507" level="INFO">Opening browser 'chrome' to base url 'https://opensource-demo.orangehrmlive.com/web/index.php/auth/login'.</msg>
<msg timestamp="20230910 04:08:29.272" level="INFO">Cannot capture screenshot because no browser is open.</msg>
<msg timestamp="20230910 04:08:29.272" level="FAIL">SessionNotCreatedException: Message: session not created: This version of ChromeDriver only supports Chrome version 114
Current browser version is 116.0.5845.110 with binary path /usr/bin/google-chrome
Stacktrace:
#0 0x55eb58efe4e3 &lt;unknown&gt;
#1 0x55eb58c2dc76 &lt;unknown&gt;
#2 0x55eb58c5b04a &lt;unknown&gt;
#3 0x55eb58c564a1 &lt;unknown&gt;
#4 0x55eb58c53029 &lt;unknown&gt;
#5 0x55eb58c91ccc &lt;unknown&gt;
#6 0x55eb58c9147f &lt;unknown&gt;
#7 0x55eb58c88de3 &lt;unknown&gt;
#8 0x55eb58c5e2dd &lt;unknown&gt;
#9 0x55eb58c5f34e &lt;unknown&gt;
#10 0x55eb58ebe3e4 &lt;unknown&gt;
#11 0x55eb58ec23d7 &lt;unknown&gt;
#12 0x55eb58eccb20 &lt;unknown&gt;
#13 0x55eb58ec3023 &lt;unknown&gt;
#14 0x55eb58e911aa &lt;unknown&gt;
#15 0x55eb58ee76b8 &lt;unknown&gt;
#16 0x55eb58ee7847 &lt;unknown&gt;
#17 0x55eb58ef7243 &lt;unknown&gt;
#18 0x7f11faa94b43 &lt;unknown&gt;
</msg>
<status status="FAIL" starttime="20230910 04:08:28.507" endtime="20230910 04:08:29.272"/>
</kw>
<kw name="Reload Page" library="SeleniumLibrary">
<doc>Simulates user reloading page.</doc>
<status status="NOT RUN" starttime="20230910 04:08:29.272" endtime="20230910 04:08:29.272"/>
</kw>
<kw name="Maximize Browser Window" library="SeleniumLibrary">
<doc>Maximizes current browser window.</doc>
<status status="NOT RUN" starttime="20230910 04:08:29.272" endtime="20230910 04:08:29.272"/>
</kw>
<status status="FAIL" starttime="20230910 04:08:28.507" endtime="20230910 04:08:29.273"/>
</kw>
<kw name="Close Browser In The End of Test Cases" library="resource" type="TEARDOWN">
<kw name="Sleep" library="BuiltIn">
<arg>3</arg>
<doc>Pauses the test executed for the given time.</doc>
<msg timestamp="20230910 04:08:32.273" level="INFO">Slept 3 seconds</msg>
<status status="PASS" starttime="20230910 04:08:29.273" endtime="20230910 04:08:32.273"/>
</kw>
<kw name="Close Browser" library="SeleniumLibrary">
<doc>Closes the current browser.</doc>
<status status="PASS" starttime="20230910 04:08:32.273" endtime="20230910 04:08:32.274"/>
</kw>
<status status="PASS" starttime="20230910 04:08:29.273" endtime="20230910 04:08:32.274"/>
</kw>
<status status="FAIL" starttime="20230910 04:08:28.507" endtime="20230910 04:08:32.274">Setup failed:
SessionNotCreatedException: Message: session not created: This version of ChromeDriver only supports Chrome version 114
Current browser version is 116.0.5845.110 with binary path /usr/bin/google-chrome
Stacktrace:
#0 0x55eb58efe4e3 &lt;unknown&gt;
#1 0x55eb58c2dc76 &lt;unknown&gt;
#2 0x55eb58c5b04a &lt;unknown&gt;
#3 0x55eb58c564a1 &lt;unknown&gt;
#4 0x55eb58c53029 &lt;unknown&gt;
#5 0x55eb58c91ccc &lt;unknown&gt;
#6 0x55eb58c9147f &lt;unknown&gt;
#7 0x55eb58c88de3 &lt;unknown&gt;
#8 0x55eb58c5e2dd &lt;unknown&gt;
#9 0x55eb58c5f34e &lt;unknown&gt;
#10 0x55eb58ebe3e4 &lt;unknown&gt;
#11 0x55eb58ec23d7 &lt;unknown&gt;
#12 0x55eb58eccb20 &lt;unknown&gt;
#13 0x55eb58ec3023 &lt;unknown&gt;
#14 0x55eb58e911aa &lt;unknown&gt;
#15 0x55eb58ee76b8 &lt;unknown&gt;
#16 0x55eb58ee7847 &lt;unknown&gt;
#17 0x55eb58ef7243 &lt;unknown&gt;
#18 0x7f11faa94b43 &lt;unknown&gt;
</status>
</test>
<test id="s1-t3" name="Login Without Input password" line="23">
<kw name="Open Main Page Using Chrome Browser" library="resource" type="SETUP">
<kw name="Open Browser" library="SeleniumLibrary">
<arg>${MAIN_PAGE}</arg>
<arg>chrome</arg>
<doc>Opens a new browser instance to the optional ``url``.</doc>
<msg timestamp="20230910 04:08:32.275" level="INFO">Opening browser 'chrome' to base url 'https://opensource-demo.orangehrmlive.com/web/index.php/auth/login'.</msg>
<msg timestamp="20230910 04:08:33.049" level="INFO">Cannot capture screenshot because no browser is open.</msg>
<msg timestamp="20230910 04:08:33.049" level="FAIL">SessionNotCreatedException: Message: session not created: This version of ChromeDriver only supports Chrome version 114
Current browser version is 116.0.5845.110 with binary path /usr/bin/google-chrome
Stacktrace:
#0 0x56356eb984e3 &lt;unknown&gt;
#1 0x56356e8c7c76 &lt;unknown&gt;
#2 0x56356e8f504a &lt;unknown&gt;
#3 0x56356e8f04a1 &lt;unknown&gt;
#4 0x56356e8ed029 &lt;unknown&gt;
#5 0x56356e92bccc &lt;unknown&gt;
#6 0x56356e92b47f &lt;unknown&gt;
#7 0x56356e922de3 &lt;unknown&gt;
#8 0x56356e8f82dd &lt;unknown&gt;
#9 0x56356e8f934e &lt;unknown&gt;
#10 0x56356eb583e4 &lt;unknown&gt;
#11 0x56356eb5c3d7 &lt;unknown&gt;
#12 0x56356eb66b20 &lt;unknown&gt;
#13 0x56356eb5d023 &lt;unknown&gt;
#14 0x56356eb2b1aa &lt;unknown&gt;
#15 0x56356eb816b8 &lt;unknown&gt;
#16 0x56356eb81847 &lt;unknown&gt;
#17 0x56356eb91243 &lt;unknown&gt;
#18 0x7fe697c94b43 &lt;unknown&gt;
</msg>
<status status="FAIL" starttime="20230910 04:08:32.275" endtime="20230910 04:08:33.049"/>
</kw>
<kw name="Reload Page" library="SeleniumLibrary">
<doc>Simulates user reloading page.</doc>
<status status="NOT RUN" starttime="20230910 04:08:33.049" endtime="20230910 04:08:33.049"/>
</kw>
<kw name="Maximize Browser Window" library="SeleniumLibrary">
<doc>Maximizes current browser window.</doc>
<status status="NOT RUN" starttime="20230910 04:08:33.049" endtime="20230910 04:08:33.049"/>
</kw>
<status status="FAIL" starttime="20230910 04:08:32.274" endtime="20230910 04:08:33.049"/>
</kw>
<kw name="Close Browser In The End of Test Cases" library="resource" type="TEARDOWN">
<kw name="Sleep" library="BuiltIn">
<arg>3</arg>
<doc>Pauses the test executed for the given time.</doc>
<msg timestamp="20230910 04:08:36.050" level="INFO">Slept 3 seconds</msg>
<status status="PASS" starttime="20230910 04:08:33.050" endtime="20230910 04:08:36.050"/>
</kw>
<kw name="Close Browser" library="SeleniumLibrary">
<doc>Closes the current browser.</doc>
<status status="PASS" starttime="20230910 04:08:36.051" endtime="20230910 04:08:36.051"/>
</kw>
<status status="PASS" starttime="20230910 04:08:33.050" endtime="20230910 04:08:36.051"/>
</kw>
<status status="FAIL" starttime="20230910 04:08:32.274" endtime="20230910 04:08:36.051">Setup failed:
SessionNotCreatedException: Message: session not created: This version of ChromeDriver only supports Chrome version 114
Current browser version is 116.0.5845.110 with binary path /usr/bin/google-chrome
Stacktrace:
#0 0x56356eb984e3 &lt;unknown&gt;
#1 0x56356e8c7c76 &lt;unknown&gt;
#2 0x56356e8f504a &lt;unknown&gt;
#3 0x56356e8f04a1 &lt;unknown&gt;
#4 0x56356e8ed029 &lt;unknown&gt;
#5 0x56356e92bccc &lt;unknown&gt;
#6 0x56356e92b47f &lt;unknown&gt;
#7 0x56356e922de3 &lt;unknown&gt;
#8 0x56356e8f82dd &lt;unknown&gt;
#9 0x56356e8f934e &lt;unknown&gt;
#10 0x56356eb583e4 &lt;unknown&gt;
#11 0x56356eb5c3d7 &lt;unknown&gt;
#12 0x56356eb66b20 &lt;unknown&gt;
#13 0x56356eb5d023 &lt;unknown&gt;
#14 0x56356eb2b1aa &lt;unknown&gt;
#15 0x56356eb816b8 &lt;unknown&gt;
#16 0x56356eb81847 &lt;unknown&gt;
#17 0x56356eb91243 &lt;unknown&gt;
#18 0x7fe697c94b43 &lt;unknown&gt;
</status>
</test>
<test id="s1-t4" name="Login Without Input password and Username" line="29">
<kw name="Open Main Page Using Chrome Browser" library="resource" type="SETUP">
<kw name="Open Browser" library="SeleniumLibrary">
<arg>${MAIN_PAGE}</arg>
<arg>chrome</arg>
<doc>Opens a new browser instance to the optional ``url``.</doc>
<msg timestamp="20230910 04:08:36.052" level="INFO">Opening browser 'chrome' to base url 'https://opensource-demo.orangehrmlive.com/web/index.php/auth/login'.</msg>
<msg timestamp="20230910 04:08:36.805" level="INFO">Cannot capture screenshot because no browser is open.</msg>
<msg timestamp="20230910 04:08:36.805" level="FAIL">SessionNotCreatedException: Message: session not created: This version of ChromeDriver only supports Chrome version 114
Current browser version is 116.0.5845.110 with binary path /usr/bin/google-chrome
Stacktrace:
#0 0x5654ca8c94e3 &lt;unknown&gt;
#1 0x5654ca5f8c76 &lt;unknown&gt;
#2 0x5654ca62604a &lt;unknown&gt;
#3 0x5654ca6214a1 &lt;unknown&gt;
#4 0x5654ca61e029 &lt;unknown&gt;
#5 0x5654ca65cccc &lt;unknown&gt;
#6 0x5654ca65c47f &lt;unknown&gt;
#7 0x5654ca653de3 &lt;unknown&gt;
#8 0x5654ca6292dd &lt;unknown&gt;
#9 0x5654ca62a34e &lt;unknown&gt;
#10 0x5654ca8893e4 &lt;unknown&gt;
#11 0x5654ca88d3d7 &lt;unknown&gt;
#12 0x5654ca897b20 &lt;unknown&gt;
#13 0x5654ca88e023 &lt;unknown&gt;
#14 0x5654ca85c1aa &lt;unknown&gt;
#15 0x5654ca8b26b8 &lt;unknown&gt;
#16 0x5654ca8b2847 &lt;unknown&gt;
#17 0x5654ca8c2243 &lt;unknown&gt;
#18 0x7faaa0a94b43 &lt;unknown&gt;
</msg>
<status status="FAIL" starttime="20230910 04:08:36.052" endtime="20230910 04:08:36.805"/>
</kw>
<kw name="Reload Page" library="SeleniumLibrary">
<doc>Simulates user reloading page.</doc>
<status status="NOT RUN" starttime="20230910 04:08:36.805" endtime="20230910 04:08:36.805"/>
</kw>
<kw name="Maximize Browser Window" library="SeleniumLibrary">
<doc>Maximizes current browser window.</doc>
<status status="NOT RUN" starttime="20230910 04:08:36.805" endtime="20230910 04:08:36.805"/>
</kw>
<status status="FAIL" starttime="20230910 04:08:36.051" endtime="20230910 04:08:36.806"/>
</kw>
<kw name="Close Browser In The End of Test Cases" library="resource" type="TEARDOWN">
<kw name="Sleep" library="BuiltIn">
<arg>3</arg>
<doc>Pauses the test executed for the given time.</doc>
<msg timestamp="20230910 04:08:39.806" level="INFO">Slept 3 seconds</msg>
<status status="PASS" starttime="20230910 04:08:36.806" endtime="20230910 04:08:39.806"/>
</kw>
<kw name="Close Browser" library="SeleniumLibrary">
<doc>Closes the current browser.</doc>
<status status="PASS" starttime="20230910 04:08:39.806" endtime="20230910 04:08:39.807"/>
</kw>
<status status="PASS" starttime="20230910 04:08:36.806" endtime="20230910 04:08:39.807"/>
</kw>
<status status="FAIL" starttime="20230910 04:08:36.051" endtime="20230910 04:08:39.807">Setup failed:
SessionNotCreatedException: Message: session not created: This version of ChromeDriver only supports Chrome version 114
Current browser version is 116.0.5845.110 with binary path /usr/bin/google-chrome
Stacktrace:
#0 0x5654ca8c94e3 &lt;unknown&gt;
#1 0x5654ca5f8c76 &lt;unknown&gt;
#2 0x5654ca62604a &lt;unknown&gt;
#3 0x5654ca6214a1 &lt;unknown&gt;
#4 0x5654ca61e029 &lt;unknown&gt;
#5 0x5654ca65cccc &lt;unknown&gt;
#6 0x5654ca65c47f &lt;unknown&gt;
#7 0x5654ca653de3 &lt;unknown&gt;
#8 0x5654ca6292dd &lt;unknown&gt;
#9 0x5654ca62a34e &lt;unknown&gt;
#10 0x5654ca8893e4 &lt;unknown&gt;
#11 0x5654ca88d3d7 &lt;unknown&gt;
#12 0x5654ca897b20 &lt;unknown&gt;
#13 0x5654ca88e023 &lt;unknown&gt;
#14 0x5654ca85c1aa &lt;unknown&gt;
#15 0x5654ca8b26b8 &lt;unknown&gt;
#16 0x5654ca8b2847 &lt;unknown&gt;
#17 0x5654ca8c2243 &lt;unknown&gt;
#18 0x7faaa0a94b43 &lt;unknown&gt;
</status>
</test>
<test id="s1-t5" name="Login using Invalid Account" line="34">
<kw name="Open Main Page Using Chrome Browser" library="resource" type="SETUP">
<kw name="Open Browser" library="SeleniumLibrary">
<arg>${MAIN_PAGE}</arg>
<arg>chrome</arg>
<doc>Opens a new browser instance to the optional ``url``.</doc>
<msg timestamp="20230910 04:08:39.808" level="INFO">Opening browser 'chrome' to base url 'https://opensource-demo.orangehrmlive.com/web/index.php/auth/login'.</msg>
<msg timestamp="20230910 04:08:40.591" level="INFO">Cannot capture screenshot because no browser is open.</msg>
<msg timestamp="20230910 04:08:40.591" level="FAIL">SessionNotCreatedException: Message: session not created: This version of ChromeDriver only supports Chrome version 114
Current browser version is 116.0.5845.110 with binary path /usr/bin/google-chrome
Stacktrace:
#0 0x5590d16654e3 &lt;unknown&gt;
#1 0x5590d1394c76 &lt;unknown&gt;
#2 0x5590d13c204a &lt;unknown&gt;
#3 0x5590d13bd4a1 &lt;unknown&gt;
#4 0x5590d13ba029 &lt;unknown&gt;
#5 0x5590d13f8ccc &lt;unknown&gt;
#6 0x5590d13f847f &lt;unknown&gt;
#7 0x5590d13efde3 &lt;unknown&gt;
#8 0x5590d13c52dd &lt;unknown&gt;
#9 0x5590d13c634e &lt;unknown&gt;
#10 0x5590d16253e4 &lt;unknown&gt;
#11 0x5590d16293d7 &lt;unknown&gt;
#12 0x5590d1633b20 &lt;unknown&gt;
#13 0x5590d162a023 &lt;unknown&gt;
#14 0x5590d15f81aa &lt;unknown&gt;
#15 0x5590d164e6b8 &lt;unknown&gt;
#16 0x5590d164e847 &lt;unknown&gt;
#17 0x5590d165e243 &lt;unknown&gt;
#18 0x7fc909e94b43 &lt;unknown&gt;
</msg>
<status status="FAIL" starttime="20230910 04:08:39.807" endtime="20230910 04:08:40.592"/>
</kw>
<kw name="Reload Page" library="SeleniumLibrary">
<doc>Simulates user reloading page.</doc>
<status status="NOT RUN" starttime="20230910 04:08:40.592" endtime="20230910 04:08:40.592"/>
</kw>
<kw name="Maximize Browser Window" library="SeleniumLibrary">
<doc>Maximizes current browser window.</doc>
<status status="NOT RUN" starttime="20230910 04:08:40.592" endtime="20230910 04:08:40.592"/>
</kw>
<status status="FAIL" starttime="20230910 04:08:39.807" endtime="20230910 04:08:40.592"/>
</kw>
<kw name="Close Browser In The End of Test Cases" library="resource" type="TEARDOWN">
<kw name="Sleep" library="BuiltIn">
<arg>3</arg>
<doc>Pauses the test executed for the given time.</doc>
<msg timestamp="20230910 04:08:43.594" level="INFO">Slept 3 seconds</msg>
<status status="PASS" starttime="20230910 04:08:40.594" endtime="20230910 04:08:43.595"/>
</kw>
<kw name="Close Browser" library="SeleniumLibrary">
<doc>Closes the current browser.</doc>
<status status="PASS" starttime="20230910 04:08:43.595" endtime="20230910 04:08:43.595"/>
</kw>
<status status="PASS" starttime="20230910 04:08:40.593" endtime="20230910 04:08:43.595"/>
</kw>
<status status="FAIL" starttime="20230910 04:08:39.807" endtime="20230910 04:08:43.595">Setup failed:
SessionNotCreatedException: Message: session not created: This version of ChromeDriver only supports Chrome version 114
Current browser version is 116.0.5845.110 with binary path /usr/bin/google-chrome
Stacktrace:
#0 0x5590d16654e3 &lt;unknown&gt;
#1 0x5590d1394c76 &lt;unknown&gt;
#2 0x5590d13c204a &lt;unknown&gt;
#3 0x5590d13bd4a1 &lt;unknown&gt;
#4 0x5590d13ba029 &lt;unknown&gt;
#5 0x5590d13f8ccc &lt;unknown&gt;
#6 0x5590d13f847f &lt;unknown&gt;
#7 0x5590d13efde3 &lt;unknown&gt;
#8 0x5590d13c52dd &lt;unknown&gt;
#9 0x5590d13c634e &lt;unknown&gt;
#10 0x5590d16253e4 &lt;unknown&gt;
#11 0x5590d16293d7 &lt;unknown&gt;
#12 0x5590d1633b20 &lt;unknown&gt;
#13 0x5590d162a023 &lt;unknown&gt;
#14 0x5590d15f81aa &lt;unknown&gt;
#15 0x5590d164e6b8 &lt;unknown&gt;
#16 0x5590d164e847 &lt;unknown&gt;
#17 0x5590d165e243 &lt;unknown&gt;
#18 0x7fc909e94b43 &lt;unknown&gt;
</status>
</test>
<status status="FAIL" starttime="20230910 04:08:24.605" endtime="20230910 04:08:43.596"/>
</suite>
<statistics>
<total>
<stat pass="0" fail="5" skip="0">All Tests</stat>
</total>
<tag>
</tag>
<suite>
<stat pass="0" fail="5" skip="0" id="s1" name="Login Test">Login Test</stat>
</suite>
</statistics>
<errors>
</errors>
</robot>
